{"numFailedTestSuites":0,"numFailedTests":0,"numPassedTestSuites":13,"numPassedTests":21,"numPendingTestSuites":0,"numPendingTests":0,"numRuntimeErrorTestSuites":0,"numTodoTests":0,"numTotalTestSuites":13,"numTotalTests":21,"openHandles":[],"snapshot":{"added":0,"didUpdate":true,"failure":false,"filesAdded":0,"filesRemoved":0,"filesUnmatched":0,"filesUpdated":2,"matched":17,"total":21,"unchecked":0,"uncheckedKeysByFile":[],"unmatched":0,"updated":4},"startTime":1555152942077,"success":true,"testResults":[{"assertionResults":[{"ancestorTitles":[],"failureMessages":[],"fullName":"__interactive","location":null,"status":"passed","title":"__interactive"}],"endTime":1555152947495,"message":"","name":"/Users/alan2305/Documents/React Project/Todolist-Dcard_HW/src/components/atoms/Field/__tests__/Field.stories.js","startTime":1555152946034,"status":"passed","summary":""},{"assertionResults":[{"ancestorTitles":[],"failureMessages":[],"fullName":"__interactive","location":null,"status":"passed","title":"__interactive"},{"ancestorTitles":[],"failureMessages":[],"fullName":"outlined icon","location":null,"status":"passed","title":"outlined icon"},{"ancestorTitles":[],"failureMessages":[],"fullName":"used icon","location":null,"status":"passed","title":"used icon"}],"endTime":1555152947518,"message":"","name":"/Users/alan2305/Documents/React Project/Todolist-Dcard_HW/src/components/atoms/Icon/__tests__/Icon.stories.js","startTime":1555152946035,"status":"passed","summary":""},{"assertionResults":[{"ancestorTitles":[],"failureMessages":[],"fullName":"__interactive","location":null,"status":"passed","title":"__interactive"}],"endTime":1555152947558,"message":"","name":"/Users/alan2305/Documents/React Project/Todolist-Dcard_HW/src/components/organisms/Header/__tests__/Header.stories.js","startTime":1555152946016,"status":"passed","summary":""},{"assertionResults":[{"ancestorTitles":[],"failureMessages":[],"fullName":"__interactive","location":null,"status":"passed","title":"__interactive"}],"endTime":1555152947582,"message":"","name":"/Users/alan2305/Documents/React Project/Todolist-Dcard_HW/src/components/molecules/Navigation/__tests__/Navigation.stories.js","startTime":1555152945946,"status":"passed","summary":""},{"assertionResults":[{"ancestorTitles":[],"failureMessages":[],"fullName":"__interactive","location":null,"status":"passed","title":"__interactive"},{"ancestorTitles":[],"failureMessages":[],"fullName":"with icon text","location":null,"status":"passed","title":"with icon text"},{"ancestorTitles":[],"failureMessages":[],"fullName":"with internal link","location":null,"status":"passed","title":"with internal link"},{"ancestorTitles":[],"failureMessages":[],"fullName":"with external link","location":null,"status":"passed","title":"with external link"}],"endTime":1555152947788,"message":"","name":"/Users/alan2305/Documents/React Project/Todolist-Dcard_HW/src/components/atoms/Button/__tests__/Button.stories.js","startTime":1555152946033,"status":"passed","summary":""},{"assertionResults":[{"ancestorTitles":[],"failureMessages":[],"fullName":"with default","location":null,"status":"passed","title":"with default"},{"ancestorTitles":[],"failureMessages":[],"fullName":"with date only","location":null,"status":"passed","title":"with date only"},{"ancestorTitles":[],"failureMessages":[],"fullName":"with time only","location":null,"status":"passed","title":"with time only"}],"endTime":1555152947876,"message":"","name":"/Users/alan2305/Documents/React Project/Todolist-Dcard_HW/src/components/atoms/FieldDate/__tests__/DatePicker.stories.js","startTime":1555152945977,"status":"passed","summary":""},{"assertionResults":[{"ancestorTitles":[],"failureMessages":[],"fullName":"__interactive","location":null,"status":"passed","title":"__interactive"},{"ancestorTitles":[],"failureMessages":[],"fullName":"with button style","location":null,"status":"passed","title":"with button style"}],"endTime":1555152948160,"message":"","name":"/Users/alan2305/Documents/React Project/Todolist-Dcard_HW/src/components/atoms/ButtonFile/__tests__/Button.stories.js","startTime":1555152947747,"status":"passed","summary":""},{"assertionResults":[{"ancestorTitles":[],"failureMessages":[],"fullName":"__interactive","location":null,"status":"passed","title":"__interactive"}],"endTime":1555152948336,"message":"","name":"/Users/alan2305/Documents/React Project/Todolist-Dcard_HW/src/components/atoms/Checkbox/__tests__/Checkbox.stories.js","startTime":1555152947816,"status":"passed","summary":""},{"assertionResults":[{"ancestorTitles":[],"failureMessages":[],"fullName":"__interactive","location":null,"status":"passed","title":"__interactive"}],"endTime":1555152948439,"message":"","name":"/Users/alan2305/Documents/React Project/Todolist-Dcard_HW/src/components/atoms/Input/__tests__/Input.stories.js","startTime":1555152947790,"status":"passed","summary":""},{"assertionResults":[{"ancestorTitles":[],"failureMessages":[],"fullName":"__interactive","location":null,"status":"passed","title":"__interactive"}],"endTime":1555152949235,"message":"","name":"/Users/alan2305/Documents/React Project/Todolist-Dcard_HW/src/components/molecules/List/__tests__/List.stories.js","startTime":1555152947727,"status":"passed","summary":""},{"assertionResults":[{"ancestorTitles":[],"failureMessages":[],"fullName":"__interactive","location":null,"status":"passed","title":"__interactive"}],"endTime":1555152949394,"message":"","name":"/Users/alan2305/Documents/React Project/Todolist-Dcard_HW/src/components/molecules/TodoPanel/__tests__/TodoPanel.stories.js","startTime":1555152945951,"status":"passed","summary":""},{"assertionResults":[{"ancestorTitles":[],"failureMessages":[],"fullName":"__interactive","location":null,"status":"passed","title":"__interactive"}],"endTime":1555152949699,"message":"","name":"/Users/alan2305/Documents/React Project/Todolist-Dcard_HW/src/components/molecules/TodoItem/__tests__/TodoItem.stories.js","startTime":1555152948104,"status":"passed","summary":""},{"assertionResults":[{"ancestorTitles":[],"failureMessages":[],"fullName":"__interactive","location":null,"status":"passed","title":"__interactive"}],"endTime":1555152949993,"message":"","name":"/Users/alan2305/Documents/React Project/Todolist-Dcard_HW/src/components/organisms/TodoList/__tests__/TodoList.stories.js","startTime":1555152948025,"status":"passed","summary":""}],"wasInterrupted":false}