{"numFailedTestSuites":2,"numFailedTests":4,"numPassedTestSuites":11,"numPassedTests":17,"numPendingTestSuites":0,"numPendingTests":0,"numRuntimeErrorTestSuites":0,"numTodoTests":0,"numTotalTestSuites":13,"numTotalTests":21,"openHandles":[],"snapshot":{"added":0,"didUpdate":false,"failure":true,"filesAdded":0,"filesRemoved":0,"filesUnmatched":2,"filesUpdated":0,"matched":17,"total":21,"unchecked":0,"uncheckedKeysByFile":[],"unmatched":4,"updated":0},"startTime":1555153024604,"success":false,"testResults":[{"assertionResults":[{"ancestorTitles":[],"failureMessages":[],"fullName":"__interactive","location":null,"status":"passed","title":"__interactive"}],"endTime":1555153028808,"message":"","name":"/Users/alan2305/Documents/React Project/Todolist-Dcard_HW/src/components/atoms/Field/__tests__/Field.stories.js","startTime":1555153027383,"status":"passed","summary":""},{"assertionResults":[{"ancestorTitles":[],"failureMessages":[],"fullName":"__interactive","location":null,"status":"passed","title":"__interactive"},{"ancestorTitles":[],"failureMessages":[],"fullName":"outlined icon","location":null,"status":"passed","title":"outlined icon"},{"ancestorTitles":[],"failureMessages":[],"fullName":"used icon","location":null,"status":"passed","title":"used icon"}],"endTime":1555153028916,"message":"","name":"/Users/alan2305/Documents/React Project/Todolist-Dcard_HW/src/components/atoms/Icon/__tests__/Icon.stories.js","startTime":1555153027414,"status":"passed","summary":""},{"assertionResults":[{"ancestorTitles":[],"failureMessages":[],"fullName":"__interactive","location":null,"status":"passed","title":"__interactive"}],"endTime":1555153028969,"message":"","name":"/Users/alan2305/Documents/React Project/Todolist-Dcard_HW/src/components/molecules/Navigation/__tests__/Navigation.stories.js","startTime":1555153027445,"status":"passed","summary":""},{"assertionResults":[{"ancestorTitles":[],"failureMessages":[],"fullName":"__interactive","location":null,"status":"passed","title":"__interactive"}],"endTime":1555153029035,"message":"","name":"/Users/alan2305/Documents/React Project/Todolist-Dcard_HW/src/components/organisms/Header/__tests__/Header.stories.js","startTime":1555153027499,"status":"passed","summary":""},{"assertionResults":[{"ancestorTitles":[],"failureMessages":[],"fullName":"__interactive","location":null,"status":"passed","title":"__interactive"},{"ancestorTitles":[],"failureMessages":[],"fullName":"with icon text","location":null,"status":"passed","title":"with icon text"},{"ancestorTitles":[],"failureMessages":[],"fullName":"with internal link","location":null,"status":"passed","title":"with internal link"},{"ancestorTitles":[],"failureMessages":[],"fullName":"with external link","location":null,"status":"passed","title":"with external link"}],"endTime":1555153029113,"message":"","name":"/Users/alan2305/Documents/React Project/Todolist-Dcard_HW/src/components/atoms/Button/__tests__/Button.stories.js","startTime":1555153027424,"status":"passed","summary":""},{"assertionResults":[{"ancestorTitles":[],"failureMessages":["Error: \u001b[2mexpect(\u001b[22m\u001b[31mvalue\u001b[39m\u001b[2m).toMatchSnapshot()\u001b[22m\n\n\u001b[31mReceived value\u001b[39m does not match \u001b[32mstored snapshot \"with default 1\"\u001b[39m.\n\n\u001b[32m- Snapshot\u001b[39m\n\u001b[31m+ Received\u001b[39m\n\n\u001b[33m@@ -22,11 +22,11 @@\u001b[39m\n\u001b[2m          dateFormatCalendar=\"LLLL yyyy\"\u001b[22m\n\u001b[2m          disabled={false}\u001b[22m\n\u001b[2m          disabledKeyboardNavigation={false}\u001b[22m\n\u001b[2m          dropdownMode=\"scroll\"\u001b[22m\n\u001b[2m          inlineFocusSelectedMonth={false}\u001b[22m\n\u001b[32m-         minDate={2019-04-13T10:55:47.814Z}\u001b[39m\n\u001b[31m+         minDate={2019-04-13T10:57:09.223Z}\u001b[39m\n\u001b[2m          monthsShown={1}\u001b[22m\n\u001b[2m          nextMonthButtonLabel=\"Next month\"\u001b[22m\n\u001b[2m          onBlur={[Function]}\u001b[22m\n\u001b[2m          onChange={[Function]}\u001b[22m\n\u001b[2m          onClickOutside={[Function]}\u001b[22m\n    at Object.toMatchSnapshot (/Users/alan2305/Documents/React Project/Todolist-Dcard_HW/storybook/__mocks__/facade.js:6:24)\n    at Object.asyncJestTest (/Users/alan2305/Documents/React Project/Todolist-Dcard_HW/node_modules/jest-jasmine2/build/jasmineAsyncInstall.js:100:37)\n    at resolve (/Users/alan2305/Documents/React Project/Todolist-Dcard_HW/node_modules/jest-jasmine2/build/queueRunner.js:41:12)\n    at new Promise (<anonymous>)\n    at mapper (/Users/alan2305/Documents/React Project/Todolist-Dcard_HW/node_modules/jest-jasmine2/build/queueRunner.js:26:19)\n    at promise.then (/Users/alan2305/Documents/React Project/Todolist-Dcard_HW/node_modules/jest-jasmine2/build/queueRunner.js:71:41)\n    at <anonymous>\n    at process._tickCallback (internal/process/next_tick.js:189:7)"],"fullName":"with default","location":null,"status":"failed","title":"with default"},{"ancestorTitles":[],"failureMessages":["Error: \u001b[2mexpect(\u001b[22m\u001b[31mvalue\u001b[39m\u001b[2m).toMatchSnapshot()\u001b[22m\n\n\u001b[31mReceived value\u001b[39m does not match \u001b[32mstored snapshot \"with date only 1\"\u001b[39m.\n\n\u001b[32m- Snapshot\u001b[39m\n\u001b[31m+ Received\u001b[39m\n\n\u001b[33m@@ -24,11 +24,11 @@\u001b[39m\n\u001b[2m          dateFormatCalendar=\"LLLL yyyy\"\u001b[22m\n\u001b[2m          disabled={false}\u001b[22m\n\u001b[2m          disabledKeyboardNavigation={false}\u001b[22m\n\u001b[2m          dropdownMode=\"scroll\"\u001b[22m\n\u001b[2m          inlineFocusSelectedMonth={false}\u001b[22m\n\u001b[32m-         minDate={2019-04-13T10:55:47.858Z}\u001b[39m\n\u001b[31m+         minDate={2019-04-13T10:57:09.287Z}\u001b[39m\n\u001b[2m          monthsShown={1}\u001b[22m\n\u001b[2m          nextMonthButtonLabel=\"Next month\"\u001b[22m\n\u001b[2m          onBlur={[Function]}\u001b[22m\n\u001b[2m          onChange={[Function]}\u001b[22m\n\u001b[2m          onClickOutside={[Function]}\u001b[22m\n    at Object.toMatchSnapshot (/Users/alan2305/Documents/React Project/Todolist-Dcard_HW/storybook/__mocks__/facade.js:6:24)\n    at Object.asyncJestTest (/Users/alan2305/Documents/React Project/Todolist-Dcard_HW/node_modules/jest-jasmine2/build/jasmineAsyncInstall.js:100:37)\n    at resolve (/Users/alan2305/Documents/React Project/Todolist-Dcard_HW/node_modules/jest-jasmine2/build/queueRunner.js:41:12)\n    at new Promise (<anonymous>)\n    at mapper (/Users/alan2305/Documents/React Project/Todolist-Dcard_HW/node_modules/jest-jasmine2/build/queueRunner.js:26:19)\n    at promise.then (/Users/alan2305/Documents/React Project/Todolist-Dcard_HW/node_modules/jest-jasmine2/build/queueRunner.js:71:41)\n    at <anonymous>\n    at process._tickCallback (internal/process/next_tick.js:189:7)"],"fullName":"with date only","location":null,"status":"failed","title":"with date only"},{"ancestorTitles":[],"failureMessages":["Error: \u001b[2mexpect(\u001b[22m\u001b[31mvalue\u001b[39m\u001b[2m).toMatchSnapshot()\u001b[22m\n\n\u001b[31mReceived value\u001b[39m does not match \u001b[32mstored snapshot \"with time only 1\"\u001b[39m.\n\n\u001b[32m- Snapshot\u001b[39m\n\u001b[31m+ Received\u001b[39m\n\n\u001b[33m@@ -24,11 +24,11 @@\u001b[39m\n\u001b[2m          dateFormatCalendar=\"LLLL yyyy\"\u001b[22m\n\u001b[2m          disabled={false}\u001b[22m\n\u001b[2m          disabledKeyboardNavigation={false}\u001b[22m\n\u001b[2m          dropdownMode=\"scroll\"\u001b[22m\n\u001b[2m          inlineFocusSelectedMonth={false}\u001b[22m\n\u001b[32m-         minDate={2019-04-13T10:55:47.867Z}\u001b[39m\n\u001b[31m+         minDate={2019-04-13T10:57:09.298Z}\u001b[39m\n\u001b[2m          monthsShown={1}\u001b[22m\n\u001b[2m          nextMonthButtonLabel=\"Next month\"\u001b[22m\n\u001b[2m          onBlur={[Function]}\u001b[22m\n\u001b[2m          onChange={[Function]}\u001b[22m\n\u001b[2m          onClickOutside={[Function]}\u001b[22m\n    at Object.toMatchSnapshot (/Users/alan2305/Documents/React Project/Todolist-Dcard_HW/storybook/__mocks__/facade.js:6:24)\n    at Object.asyncJestTest (/Users/alan2305/Documents/React Project/Todolist-Dcard_HW/node_modules/jest-jasmine2/build/jasmineAsyncInstall.js:100:37)\n    at resolve (/Users/alan2305/Documents/React Project/Todolist-Dcard_HW/node_modules/jest-jasmine2/build/queueRunner.js:41:12)\n    at new Promise (<anonymous>)\n    at mapper (/Users/alan2305/Documents/React Project/Todolist-Dcard_HW/node_modules/jest-jasmine2/build/queueRunner.js:26:19)\n    at promise.then (/Users/alan2305/Documents/React Project/Todolist-Dcard_HW/node_modules/jest-jasmine2/build/queueRunner.js:71:41)\n    at <anonymous>\n    at process._tickCallback (internal/process/next_tick.js:189:7)"],"fullName":"with time only","location":null,"status":"failed","title":"with time only"}],"endTime":1555153029365,"message":"\u001b[1m\u001b[31m  \u001b[1m● \u001b[1mwith default\u001b[39m\u001b[22m\n\n    \u001b[2mexpect(\u001b[22m\u001b[31mvalue\u001b[39m\u001b[2m).toMatchSnapshot()\u001b[22m\n\n    \u001b[31mReceived value\u001b[39m does not match \u001b[32mstored snapshot \"with default 1\"\u001b[39m.\n\n    \u001b[32m- Snapshot\u001b[39m\n    \u001b[31m+ Received\u001b[39m\n\n    \u001b[33m@@ -22,11 +22,11 @@\u001b[39m\n    \u001b[2m          dateFormatCalendar=\"LLLL yyyy\"\u001b[22m\n    \u001b[2m          disabled={false}\u001b[22m\n    \u001b[2m          disabledKeyboardNavigation={false}\u001b[22m\n    \u001b[2m          dropdownMode=\"scroll\"\u001b[22m\n    \u001b[2m          inlineFocusSelectedMonth={false}\u001b[22m\n    \u001b[32m-         minDate={2019-04-13T10:55:47.814Z}\u001b[39m\n    \u001b[31m+         minDate={2019-04-13T10:57:09.223Z}\u001b[39m\n    \u001b[2m          monthsShown={1}\u001b[22m\n    \u001b[2m          nextMonthButtonLabel=\"Next month\"\u001b[22m\n    \u001b[2m          onBlur={[Function]}\u001b[22m\n    \u001b[2m          onChange={[Function]}\u001b[22m\n    \u001b[2m          onClickOutside={[Function]}\u001b[22m\n\u001b[2m\u001b[22m\n\u001b[2m    \u001b[0m \u001b[90m 4 | \u001b[39m\u001b[36mconst\u001b[39m createSnapshot \u001b[33m=\u001b[39m (name\u001b[33m,\u001b[39m story) \u001b[33m=>\u001b[39m {\u001b[0m\u001b[22m\n\u001b[2m    \u001b[0m \u001b[90m 5 | \u001b[39m\tit(name\u001b[33m,\u001b[39m () \u001b[33m=>\u001b[39m {\u001b[0m\u001b[22m\n\u001b[2m    \u001b[0m\u001b[31m\u001b[1m>\u001b[2m\u001b[39m\u001b[90m 6 | \u001b[39m\t\texpect(mount(story))\u001b[33m.\u001b[39mtoMatchSnapshot()\u001b[33m;\u001b[39m\u001b[0m\u001b[22m\n\u001b[2m    \u001b[0m \u001b[90m   | \u001b[39m\t\t                     \u001b[31m\u001b[1m^\u001b[2m\u001b[39m\u001b[0m\u001b[22m\n\u001b[2m    \u001b[0m \u001b[90m 7 | \u001b[39m\t})\u001b[33m;\u001b[39m\u001b[0m\u001b[22m\n\u001b[2m    \u001b[0m \u001b[90m 8 | \u001b[39m}\u001b[33m;\u001b[39m\u001b[0m\u001b[22m\n\u001b[2m    \u001b[0m \u001b[90m 9 | \u001b[39m\u001b[0m\u001b[22m\n\u001b[2m\u001b[22m\n\u001b[2m      \u001b[2mat Object.toMatchSnapshot (\u001b[2mstorybook/__mocks__/facade.js\u001b[2m:6:24)\u001b[2m\u001b[22m\n\n\u001b[1m\u001b[31m  \u001b[1m● \u001b[1mwith date only\u001b[39m\u001b[22m\n\n    \u001b[2mexpect(\u001b[22m\u001b[31mvalue\u001b[39m\u001b[2m).toMatchSnapshot()\u001b[22m\n\n    \u001b[31mReceived value\u001b[39m does not match \u001b[32mstored snapshot \"with date only 1\"\u001b[39m.\n\n    \u001b[32m- Snapshot\u001b[39m\n    \u001b[31m+ Received\u001b[39m\n\n    \u001b[33m@@ -24,11 +24,11 @@\u001b[39m\n    \u001b[2m          dateFormatCalendar=\"LLLL yyyy\"\u001b[22m\n    \u001b[2m          disabled={false}\u001b[22m\n    \u001b[2m          disabledKeyboardNavigation={false}\u001b[22m\n    \u001b[2m          dropdownMode=\"scroll\"\u001b[22m\n    \u001b[2m          inlineFocusSelectedMonth={false}\u001b[22m\n    \u001b[32m-         minDate={2019-04-13T10:55:47.858Z}\u001b[39m\n    \u001b[31m+         minDate={2019-04-13T10:57:09.287Z}\u001b[39m\n    \u001b[2m          monthsShown={1}\u001b[22m\n    \u001b[2m          nextMonthButtonLabel=\"Next month\"\u001b[22m\n    \u001b[2m          onBlur={[Function]}\u001b[22m\n    \u001b[2m          onChange={[Function]}\u001b[22m\n    \u001b[2m          onClickOutside={[Function]}\u001b[22m\n\u001b[2m\u001b[22m\n\u001b[2m    \u001b[0m \u001b[90m 4 | \u001b[39m\u001b[36mconst\u001b[39m createSnapshot \u001b[33m=\u001b[39m (name\u001b[33m,\u001b[39m story) \u001b[33m=>\u001b[39m {\u001b[0m\u001b[22m\n\u001b[2m    \u001b[0m \u001b[90m 5 | \u001b[39m\tit(name\u001b[33m,\u001b[39m () \u001b[33m=>\u001b[39m {\u001b[0m\u001b[22m\n\u001b[2m    \u001b[0m\u001b[31m\u001b[1m>\u001b[2m\u001b[39m\u001b[90m 6 | \u001b[39m\t\texpect(mount(story))\u001b[33m.\u001b[39mtoMatchSnapshot()\u001b[33m;\u001b[39m\u001b[0m\u001b[22m\n\u001b[2m    \u001b[0m \u001b[90m   | \u001b[39m\t\t                     \u001b[31m\u001b[1m^\u001b[2m\u001b[39m\u001b[0m\u001b[22m\n\u001b[2m    \u001b[0m \u001b[90m 7 | \u001b[39m\t})\u001b[33m;\u001b[39m\u001b[0m\u001b[22m\n\u001b[2m    \u001b[0m \u001b[90m 8 | \u001b[39m}\u001b[33m;\u001b[39m\u001b[0m\u001b[22m\n\u001b[2m    \u001b[0m \u001b[90m 9 | \u001b[39m\u001b[0m\u001b[22m\n\u001b[2m\u001b[22m\n\u001b[2m      \u001b[2mat Object.toMatchSnapshot (\u001b[2mstorybook/__mocks__/facade.js\u001b[2m:6:24)\u001b[2m\u001b[22m\n\n\u001b[1m\u001b[31m  \u001b[1m● \u001b[1mwith time only\u001b[39m\u001b[22m\n\n    \u001b[2mexpect(\u001b[22m\u001b[31mvalue\u001b[39m\u001b[2m).toMatchSnapshot()\u001b[22m\n\n    \u001b[31mReceived value\u001b[39m does not match \u001b[32mstored snapshot \"with time only 1\"\u001b[39m.\n\n    \u001b[32m- Snapshot\u001b[39m\n    \u001b[31m+ Received\u001b[39m\n\n    \u001b[33m@@ -24,11 +24,11 @@\u001b[39m\n    \u001b[2m          dateFormatCalendar=\"LLLL yyyy\"\u001b[22m\n    \u001b[2m          disabled={false}\u001b[22m\n    \u001b[2m          disabledKeyboardNavigation={false}\u001b[22m\n    \u001b[2m          dropdownMode=\"scroll\"\u001b[22m\n    \u001b[2m          inlineFocusSelectedMonth={false}\u001b[22m\n    \u001b[32m-         minDate={2019-04-13T10:55:47.867Z}\u001b[39m\n    \u001b[31m+         minDate={2019-04-13T10:57:09.298Z}\u001b[39m\n    \u001b[2m          monthsShown={1}\u001b[22m\n    \u001b[2m          nextMonthButtonLabel=\"Next month\"\u001b[22m\n    \u001b[2m          onBlur={[Function]}\u001b[22m\n    \u001b[2m          onChange={[Function]}\u001b[22m\n    \u001b[2m          onClickOutside={[Function]}\u001b[22m\n\u001b[2m\u001b[22m\n\u001b[2m    \u001b[0m \u001b[90m 4 | \u001b[39m\u001b[36mconst\u001b[39m createSnapshot \u001b[33m=\u001b[39m (name\u001b[33m,\u001b[39m story) \u001b[33m=>\u001b[39m {\u001b[0m\u001b[22m\n\u001b[2m    \u001b[0m \u001b[90m 5 | \u001b[39m\tit(name\u001b[33m,\u001b[39m () \u001b[33m=>\u001b[39m {\u001b[0m\u001b[22m\n\u001b[2m    \u001b[0m\u001b[31m\u001b[1m>\u001b[2m\u001b[39m\u001b[90m 6 | \u001b[39m\t\texpect(mount(story))\u001b[33m.\u001b[39mtoMatchSnapshot()\u001b[33m;\u001b[39m\u001b[0m\u001b[22m\n\u001b[2m    \u001b[0m \u001b[90m   | \u001b[39m\t\t                     \u001b[31m\u001b[1m^\u001b[2m\u001b[39m\u001b[0m\u001b[22m\n\u001b[2m    \u001b[0m \u001b[90m 7 | \u001b[39m\t})\u001b[33m;\u001b[39m\u001b[0m\u001b[22m\n\u001b[2m    \u001b[0m \u001b[90m 8 | \u001b[39m}\u001b[33m;\u001b[39m\u001b[0m\u001b[22m\n\u001b[2m    \u001b[0m \u001b[90m 9 | \u001b[39m\u001b[0m\u001b[22m\n\u001b[2m\u001b[22m\n\u001b[2m      \u001b[2mat Object.toMatchSnapshot (\u001b[2mstorybook/__mocks__/facade.js\u001b[2m:6:24)\u001b[2m\u001b[22m\n","name":"/Users/alan2305/Documents/React Project/Todolist-Dcard_HW/src/components/atoms/FieldDate/__tests__/DatePicker.stories.js","startTime":1555153027494,"status":"failed","summary":""},{"assertionResults":[{"ancestorTitles":[],"failureMessages":[],"fullName":"__interactive","location":null,"status":"passed","title":"__interactive"},{"ancestorTitles":[],"failureMessages":[],"fullName":"with button style","location":null,"status":"passed","title":"with button style"}],"endTime":1555153029672,"message":"","name":"/Users/alan2305/Documents/React Project/Todolist-Dcard_HW/src/components/atoms/ButtonFile/__tests__/Button.stories.js","startTime":1555153029249,"status":"passed","summary":""},{"assertionResults":[{"ancestorTitles":[],"failureMessages":[],"fullName":"__interactive","location":null,"status":"passed","title":"__interactive"}],"endTime":1555153029877,"message":"","name":"/Users/alan2305/Documents/React Project/Todolist-Dcard_HW/src/components/atoms/Checkbox/__tests__/Checkbox.stories.js","startTime":1555153029350,"status":"passed","summary":""},{"assertionResults":[{"ancestorTitles":[],"failureMessages":[],"fullName":"__interactive","location":null,"status":"passed","title":"__interactive"}],"endTime":1555153029974,"message":"","name":"/Users/alan2305/Documents/React Project/Todolist-Dcard_HW/src/components/atoms/Input/__tests__/Input.stories.js","startTime":1555153029290,"status":"passed","summary":""},{"assertionResults":[{"ancestorTitles":[],"failureMessages":["Error: \u001b[2mexpect(\u001b[22m\u001b[31mvalue\u001b[39m\u001b[2m).toMatchSnapshot()\u001b[22m\n\n\u001b[31mReceived value\u001b[39m does not match \u001b[32mstored snapshot \"__interactive 1\"\u001b[39m.\n\n\u001b[32m- Snapshot\u001b[39m\n\u001b[31m+ Received\u001b[39m\n\n\u001b[33m@@ -98,11 +98,11 @@\u001b[39m\n\u001b[2m                    dateFormatCalendar=\"LLLL yyyy\"\u001b[22m\n\u001b[2m                    disabled={false}\u001b[22m\n\u001b[2m                    disabledKeyboardNavigation={false}\u001b[22m\n\u001b[2m                    dropdownMode=\"scroll\"\u001b[22m\n\u001b[2m                    inlineFocusSelectedMonth={false}\u001b[22m\n\u001b[32m-                   minDate={2019-04-13T10:55:49.281Z}\u001b[39m\n\u001b[31m+                   minDate={2019-04-13T10:57:10.120Z}\u001b[39m\n\u001b[2m                    monthsShown={1}\u001b[22m\n\u001b[2m                    nextMonthButtonLabel=\"Next month\"\u001b[22m\n\u001b[2m                    onBlur={[Function]}\u001b[22m\n\u001b[2m                    onChange={[Function]}\u001b[22m\n\u001b[2m                    onClickOutside={[Function]}\u001b[22m\n\u001b[33m@@ -261,11 +261,11 @@\u001b[39m\n\u001b[2m                    dateFormatCalendar=\"LLLL yyyy\"\u001b[22m\n\u001b[2m                    disabled={false}\u001b[22m\n\u001b[2m                    disabledKeyboardNavigation={false}\u001b[22m\n\u001b[2m                    dropdownMode=\"scroll\"\u001b[22m\n\u001b[2m                    inlineFocusSelectedMonth={false}\u001b[22m\n\u001b[32m-                   minDate={2019-04-13T10:55:49.297Z}\u001b[39m\n\u001b[31m+                   minDate={2019-04-13T10:57:10.130Z}\u001b[39m\n\u001b[2m                    monthsShown={1}\u001b[22m\n\u001b[2m                    nextMonthButtonLabel=\"Next month\"\u001b[22m\n\u001b[2m                    onBlur={[Function]}\u001b[22m\n\u001b[2m                    onChange={[Function]}\u001b[22m\n\u001b[2m                    onClickOutside={[Function]}\u001b[22m\n    at Object.toMatchSnapshot (/Users/alan2305/Documents/React Project/Todolist-Dcard_HW/storybook/__mocks__/facade.js:6:24)\n    at Object.asyncJestTest (/Users/alan2305/Documents/React Project/Todolist-Dcard_HW/node_modules/jest-jasmine2/build/jasmineAsyncInstall.js:100:37)\n    at resolve (/Users/alan2305/Documents/React Project/Todolist-Dcard_HW/node_modules/jest-jasmine2/build/queueRunner.js:41:12)\n    at new Promise (<anonymous>)\n    at mapper (/Users/alan2305/Documents/React Project/Todolist-Dcard_HW/node_modules/jest-jasmine2/build/queueRunner.js:26:19)\n    at promise.then (/Users/alan2305/Documents/React Project/Todolist-Dcard_HW/node_modules/jest-jasmine2/build/queueRunner.js:71:41)\n    at <anonymous>\n    at process._tickCallback (internal/process/next_tick.js:189:7)"],"fullName":"__interactive","location":null,"status":"failed","title":"__interactive"}],"endTime":1555153030224,"message":"\u001b[1m\u001b[31m  \u001b[1m● \u001b[1m__interactive\u001b[39m\u001b[22m\n\n    \u001b[2mexpect(\u001b[22m\u001b[31mvalue\u001b[39m\u001b[2m).toMatchSnapshot()\u001b[22m\n\n    \u001b[31mReceived value\u001b[39m does not match \u001b[32mstored snapshot \"__interactive 1\"\u001b[39m.\n\n    \u001b[32m- Snapshot\u001b[39m\n    \u001b[31m+ Received\u001b[39m\n\n    \u001b[33m@@ -98,11 +98,11 @@\u001b[39m\n    \u001b[2m                    dateFormatCalendar=\"LLLL yyyy\"\u001b[22m\n    \u001b[2m                    disabled={false}\u001b[22m\n    \u001b[2m                    disabledKeyboardNavigation={false}\u001b[22m\n    \u001b[2m                    dropdownMode=\"scroll\"\u001b[22m\n    \u001b[2m                    inlineFocusSelectedMonth={false}\u001b[22m\n    \u001b[32m-                   minDate={2019-04-13T10:55:49.281Z}\u001b[39m\n    \u001b[31m+                   minDate={2019-04-13T10:57:10.120Z}\u001b[39m\n    \u001b[2m                    monthsShown={1}\u001b[22m\n    \u001b[2m                    nextMonthButtonLabel=\"Next month\"\u001b[22m\n    \u001b[2m                    onBlur={[Function]}\u001b[22m\n    \u001b[2m                    onChange={[Function]}\u001b[22m\n    \u001b[2m                    onClickOutside={[Function]}\u001b[22m\n    \u001b[33m@@ -261,11 +261,11 @@\u001b[39m\n    \u001b[2m                    dateFormatCalendar=\"LLLL yyyy\"\u001b[22m\n    \u001b[2m                    disabled={false}\u001b[22m\n    \u001b[2m                    disabledKeyboardNavigation={false}\u001b[22m\n    \u001b[2m                    dropdownMode=\"scroll\"\u001b[22m\n    \u001b[2m                    inlineFocusSelectedMonth={false}\u001b[22m\n    \u001b[32m-                   minDate={2019-04-13T10:55:49.297Z}\u001b[39m\n    \u001b[31m+                   minDate={2019-04-13T10:57:10.130Z}\u001b[39m\n    \u001b[2m                    monthsShown={1}\u001b[22m\n    \u001b[2m                    nextMonthButtonLabel=\"Next month\"\u001b[22m\n    \u001b[2m                    onBlur={[Function]}\u001b[22m\n    \u001b[2m                    onChange={[Function]}\u001b[22m\n    \u001b[2m                    onClickOutside={[Function]}\u001b[22m\n\u001b[2m\u001b[22m\n\u001b[2m    \u001b[0m \u001b[90m 4 | \u001b[39m\u001b[36mconst\u001b[39m createSnapshot \u001b[33m=\u001b[39m (name\u001b[33m,\u001b[39m story) \u001b[33m=>\u001b[39m {\u001b[0m\u001b[22m\n\u001b[2m    \u001b[0m \u001b[90m 5 | \u001b[39m\tit(name\u001b[33m,\u001b[39m () \u001b[33m=>\u001b[39m {\u001b[0m\u001b[22m\n\u001b[2m    \u001b[0m\u001b[31m\u001b[1m>\u001b[2m\u001b[39m\u001b[90m 6 | \u001b[39m\t\texpect(mount(story))\u001b[33m.\u001b[39mtoMatchSnapshot()\u001b[33m;\u001b[39m\u001b[0m\u001b[22m\n\u001b[2m    \u001b[0m \u001b[90m   | \u001b[39m\t\t                     \u001b[31m\u001b[1m^\u001b[2m\u001b[39m\u001b[0m\u001b[22m\n\u001b[2m    \u001b[0m \u001b[90m 7 | \u001b[39m\t})\u001b[33m;\u001b[39m\u001b[0m\u001b[22m\n\u001b[2m    \u001b[0m \u001b[90m 8 | \u001b[39m}\u001b[33m;\u001b[39m\u001b[0m\u001b[22m\n\u001b[2m    \u001b[0m \u001b[90m 9 | \u001b[39m\u001b[0m\u001b[22m\n\u001b[2m\u001b[22m\n\u001b[2m      \u001b[2mat Object.toMatchSnapshot (\u001b[2mstorybook/__mocks__/facade.js\u001b[2m:6:24)\u001b[2m\u001b[22m\n","name":"/Users/alan2305/Documents/React Project/Todolist-Dcard_HW/src/components/molecules/TodoPanel/__tests__/TodoPanel.stories.js","startTime":1555153027393,"status":"failed","summary":""},{"assertionResults":[{"ancestorTitles":[],"failureMessages":[],"fullName":"__interactive","location":null,"status":"passed","title":"__interactive"}],"endTime":1555153030238,"message":"","name":"/Users/alan2305/Documents/React Project/Todolist-Dcard_HW/src/components/molecules/List/__tests__/List.stories.js","startTime":1555153029133,"status":"passed","summary":""},{"assertionResults":[{"ancestorTitles":[],"failureMessages":[],"fullName":"__interactive","location":null,"status":"passed","title":"__interactive"}],"endTime":1555153030608,"message":"","name":"/Users/alan2305/Documents/React Project/Todolist-Dcard_HW/src/components/molecules/TodoItem/__tests__/TodoItem.stories.js","startTime":1555153029651,"status":"passed","summary":""},{"assertionResults":[{"ancestorTitles":[],"failureMessages":[],"fullName":"__interactive","location":null,"status":"passed","title":"__interactive"}],"endTime":1555153030813,"message":"","name":"/Users/alan2305/Documents/React Project/Todolist-Dcard_HW/src/components/organisms/TodoList/__tests__/TodoList.stories.js","startTime":1555153029417,"status":"passed","summary":""}],"wasInterrupted":false}